<?xml version="1.0" encoding="UTF-8"?>
<testng-results skipped="0" failed="0" ignored="0" total="2" passed="2">
  <reporter-output>
  </reporter-output>
  <suite name="Suite" duration-ms="123542" started-at="2021-02-12T16:33:15 IST" finished-at="2021-02-12T16:35:19 IST">
    <groups>
    </groups>
    <test name="ChromeTest" duration-ms="30745" started-at="2021-02-12T16:33:15 IST" finished-at="2021-02-12T16:33:46 IST">
      <class name="com.pratian.SauceDemo.Automation.Tests.TestAddCartitem">
        <test-method status="PASS" signature="sigin()[pri:0, instance:com.pratian.SauceDemo.Automation.Tests.TestAddCartitem@e320068]" name="sigin" is-config="true" duration-ms="1" started-at="2021-02-12T16:33:15 IST" finished-at="2021-02-12T16:33:15 IST">
          <reporter-output>
          </reporter-output>
        </test-method> <!-- sigin -->
        <test-method status="PASS" signature="setup(java.lang.String)[pri:0, instance:com.pratian.SauceDemo.Automation.Tests.TestAddCartitem@e320068]" name="setup" is-config="true" duration-ms="13219" started-at="2021-02-12T16:33:15 IST" finished-at="2021-02-12T16:33:28 IST">
          <params>
            <param index="0">
              <value>
                <![CDATA[Chrome]]>
              </value>
            </param>
          </params>
          <reporter-output>
          </reporter-output>
        </test-method> <!-- setup -->
        <test-method status="PASS" signature="AddtoCart(java.lang.String, java.lang.String)[pri:0, instance:com.pratian.SauceDemo.Automation.Tests.TestAddCartitem@e320068]" name="AddtoCart" duration-ms="12960" started-at="2021-02-12T16:33:28 IST" data-provider="signIn" finished-at="2021-02-12T16:33:41 IST">
          <params>
            <param index="0">
              <value>
                <![CDATA[standard_user]]>
              </value>
            </param>
            <param index="1">
              <value>
                <![CDATA[secret_sauce]]>
              </value>
            </param>
          </params>
          <reporter-output>
          </reporter-output>
        </test-method> <!-- AddtoCart -->
        <test-method status="PASS" signature="tearDown()[pri:0, instance:com.pratian.SauceDemo.Automation.Tests.TestAddCartitem@e320068]" name="tearDown" is-config="true" duration-ms="4472" started-at="2021-02-12T16:33:41 IST" finished-at="2021-02-12T16:33:46 IST">
          <reporter-output>
          </reporter-output>
        </test-method> <!-- tearDown -->
      </class> <!-- com.pratian.SauceDemo.Automation.Tests.TestAddCartitem -->
    </test> <!-- ChromeTest -->
    <test name="FirefoxTest" duration-ms="123542" started-at="2021-02-12T16:33:15 IST" finished-at="2021-02-12T16:35:19 IST">
      <class name="com.pratian.SauceDemo.Automation.Tests.TestAddCartitem">
        <test-method status="PASS" signature="Setup()[pri:0, instance:com.pratian.SauceDemo.Automation.Tests.TestAddCartitem@4d50efb8]" name="Setup" is-config="true" duration-ms="256" started-at="2021-02-12T16:33:15 IST" finished-at="2021-02-12T16:33:15 IST">
          <reporter-output>
          </reporter-output>
        </test-method> <!-- Setup -->
        <test-method status="PASS" signature="sigin()[pri:0, instance:com.pratian.SauceDemo.Automation.Tests.TestAddCartitem@4d50efb8]" name="sigin" is-config="true" duration-ms="0" started-at="2021-02-12T16:33:15 IST" finished-at="2021-02-12T16:33:15 IST">
          <reporter-output>
          </reporter-output>
        </test-method> <!-- sigin -->
        <test-method status="PASS" signature="setup(java.lang.String)[pri:0, instance:com.pratian.SauceDemo.Automation.Tests.TestAddCartitem@4d50efb8]" name="setup" is-config="true" duration-ms="24328" started-at="2021-02-12T16:33:15 IST" finished-at="2021-02-12T16:33:39 IST">
          <params>
            <param index="0">
              <value>
                <![CDATA[firefox]]>
              </value>
            </param>
          </params>
          <reporter-output>
          </reporter-output>
        </test-method> <!-- setup -->
        <test-method status="PASS" signature="AddtoCart(java.lang.String, java.lang.String)[pri:0, instance:com.pratian.SauceDemo.Automation.Tests.TestAddCartitem@4d50efb8]" name="AddtoCart" duration-ms="28796" started-at="2021-02-12T16:33:39 IST" data-provider="signIn" finished-at="2021-02-12T16:34:08 IST">
          <params>
            <param index="0">
              <value>
                <![CDATA[standard_user]]>
              </value>
            </param>
            <param index="1">
              <value>
                <![CDATA[secret_sauce]]>
              </value>
            </param>
          </params>
          <reporter-output>
          </reporter-output>
        </test-method> <!-- AddtoCart -->
        <test-method status="PASS" signature="tearDown()[pri:0, instance:com.pratian.SauceDemo.Automation.Tests.TestAddCartitem@4d50efb8]" name="tearDown" is-config="true" duration-ms="70375" started-at="2021-02-12T16:34:08 IST" finished-at="2021-02-12T16:35:19 IST">
          <reporter-output>
          </reporter-output>
        </test-method> <!-- tearDown -->
        <test-method status="PASS" signature="extentFlush()[pri:0, instance:com.pratian.SauceDemo.Automation.Tests.TestAddCartitem@4d50efb8]" name="extentFlush" is-config="true" duration-ms="489" started-at="2021-02-12T16:35:19 IST" finished-at="2021-02-12T16:35:19 IST">
          <reporter-output>
          </reporter-output>
        </test-method> <!-- extentFlush -->
      </class> <!-- com.pratian.SauceDemo.Automation.Tests.TestAddCartitem -->
    </test> <!-- FirefoxTest -->
  </suite> <!-- Suite -->
</testng-results>
